/file/set-tui-version "24.1"
(cx-gui-do cx-set-list-tree-selections "NavigationPane*Frame2*Table1*List_Tree2" (list "Parameters & Customization|Parameters|Input Parameters"))
(cx-gui-do cx-set-list-tree-selections "NavigationPane*Frame2*Table1*List_Tree2" (list "Parameters & Customization|Parameters|Input Parameters"))
(cx-gui-do cx-activate-item "NavigationPane*Frame2*Table1*List_Tree2")
(cx-gui-do cx-set-list-tree-selections "NavigationPane*Frame2*Table1*List_Tree2" (list "Parameters & Customization|Parameters|Input Parameters"))
(cx-gui-do cx-set-list-selections "Parameters*Table1*Table1*List1(Input Parameters)" '( 8))
(cx-gui-do cx-activate-item "Parameters*Table1*Table1*List1(Input Parameters)")
(cx-gui-do cx-activate-item "Parameters*Table1*Table1*Table2*PushButton1(Edit)")
(cx-gui-do cx-activate-tab-index "Expression*Table1*Frame1" 0)
(cx-gui-do cx-activate-tab-index "Expression*Table1*Frame1" 1)
(cx-gui-do cx-activate-tab-index "Expression*Table1*Frame1" 0)
(cx-gui-do cx-set-expression-entry "Parameter Expression*Table1*ExpressionEntry3(Definition)" '("000[W/m^3]" . 1))
(cx-gui-do cx-activate-item "Parameter Expression*Table1*ExpressionEntry3(Definition)")
(cx-gui-do cx-activate-item "Parameter Expression*PanelButtons*PushButton1(OK)")
(cx-gui-do cx-set-list-selections "Parameters*Table1*Table1*List1(Input Parameters)" '( 9))
(cx-gui-do cx-activate-item "Parameters*Table1*Table1*List1(Input Parameters)")
(cx-gui-do cx-activate-item "Parameters*Table1*Table1*Table2*PushButton1(Edit)")
(cx-gui-do cx-set-expression-entry "Parameter Expression*Table1*ExpressionEntry3(Definition)" '("001 [W/m^3]" . 1))
(cx-gui-do cx-activate-item "Parameter Expression*Table1*ExpressionEntry3(Definition)")
(cx-gui-do cx-activate-item "Parameter Expression*PanelButtons*PushButton1(OK)")
(cx-gui-do cx-set-list-selections "Parameters*Table1*Table1*List1(Input Parameters)" '( 10))
(cx-gui-do cx-activate-item "Parameters*Table1*Table1*List1(Input Parameters)")
(cx-gui-do cx-activate-item "Parameters*Table1*Table1*Table2*PushButton1(Edit)")
(cx-gui-do cx-set-expression-entry "Parameter Expression*Table1*ExpressionEntry3(Definition)" '("002 [W/m^3]" . 1))
(cx-gui-do cx-activate-item "Parameter Expression*Table1*ExpressionEntry3(Definition)")
(cx-gui-do cx-activate-item "Parameter Expression*PanelButtons*PushButton1(OK)")
(cx-gui-do cx-set-list-selections "Parameters*Table1*Table1*List1(Input Parameters)" '( 7))
(cx-gui-do cx-activate-item "Parameters*Table1*Table1*List1(Input Parameters)")
(cx-gui-do cx-activate-item "Parameters*Table1*Table1*Table2*PushButton1(Edit)")
(cx-gui-do cx-set-expression-entry "Parameter Expression*Table1*ExpressionEntry3(Definition)" '("003 [C]" . 1))
(cx-gui-do cx-activate-item "Parameter Expression*Table1*ExpressionEntry3(Definition)")
(cx-gui-do cx-activate-item "Parameter Expression*PanelButtons*PushButton1(OK)")
(cx-gui-do cx-set-list-selections "Parameters*Table1*Table1*List1(Input Parameters)" '( 6))
(cx-gui-do cx-activate-item "Parameters*Table1*Table1*List1(Input Parameters)")
(cx-gui-do cx-activate-item "Parameters*Table1*Table1*Table2*PushButton1(Edit)")
(cx-gui-do cx-set-expression-entry "Parameter Expression*Table1*ExpressionEntry3(Definition)" '("004 [W/m^2 K]" . 1))
(cx-gui-do cx-activate-item "Parameter Expression*Table1*ExpressionEntry3(Definition)")
(cx-gui-do cx-activate-item "Parameter Expression*PanelButtons*PushButton1(OK)")
(cx-gui-do cx-activate-item "Parameters*PanelButtons*PushButton1(Close)")
(cx-gui-do cx-activate-item "MenuBar*WriteSubMenu*Stop Journal")
