/file/set-tui-version "24.1"
(cx-gui-do cx-set-list-tree-selections "NavigationPane*Frame2*Table1*List_Tree2" (list "Setup|General"))
(cx-gui-do cx-set-toggle-button2 "General*Table1*Table2(Solver)*ToggleBox5(Time)*Steady" #t)
(cx-gui-do cx-activate-item "General*Table1*Table2(Solver)*ToggleBox5(Time)*Steady")
(cx-gui-do cx-activate-item "Ribbon*Frame1*Frame5(Solution)*Table1*Table3(Initialization)*PushButton6(Initialize)")
(cx-gui-do cx-activate-item "Ribbon*Frame1*Frame5(Solution)*Table1*Table3(Initialization)*PushButton2(Patch)")
(cx-gui-do cx-set-list-selections "Patch*Table1*Frame1*Frame1*Table2*List2(Variable)" '( 0))
(cx-gui-do cx-activate-item "Patch*Table1*Frame1*Frame1*Table2*List2(Variable)")
(cx-gui-do cx-activate-item "Patch*Table1*Frame3*List2(Zones to Patch)")
(cx-gui-do cx-set-list-selections "Patch*Table1*Frame3*List2(Zones to Patch)" '( 0 1 2))
(cx-gui-do cx-activate-item "Patch*Table1*Frame3*List2(Zones to Patch)")
(cx-gui-do cx-activate-item "Patch*PanelButtons*PushButton3(Patch)")
(cx-gui-do cx-set-list-selections "Patch*Table1*Frame1*Frame1*Table2*List2(Variable)" '( 1))
(cx-gui-do cx-activate-item "Patch*Table1*Frame1*Frame1*Table2*List2(Variable)")
(cx-gui-do cx-activate-item "Patch*PanelButtons*PushButton3(Patch)")
(cx-gui-do cx-activate-item "Patch*PanelButtons*PushButton1(Close)")
(cx-gui-do cx-activate-item "Ribbon*Frame1*Frame5(Solution)*Table1*Table3(Run Calculation)*PushButton5(Run Calculation)")
(cx-gui-do cx-activate-item "Run Calculation*Table1*Table6(Solution Advancement)*Table1*PushButton1(Calculate)")
(cx-gui-do cx-set-list-tree-selections "NavigationPane*Frame2*Table1*List_Tree2" (list "Setup|General"))
(cx-gui-do cx-set-list-tree-selections "NavigationPane*Frame2*Table1*List_Tree2" (list "Setup|General"))
(cx-gui-do cx-activate-item "NavigationPane*Frame2*Table1*List_Tree2")
(cx-gui-do cx-set-list-tree-selections "NavigationPane*Frame2*Table1*List_Tree2" (list "Setup|General"))
(cx-gui-do cx-set-toggle-button2 "General*Table1*Table2(Solver)*ToggleBox5(Time)*Transient" #t)
(cx-gui-do cx-activate-item "General*Table1*Table2(Solver)*ToggleBox5(Time)*Transient")
(cx-gui-do cx-activate-item "Ribbon*Frame1*Frame5(Solution)*Table1*Table3(Run Calculation)*PushButton5(Run Calculation)")
(cx-gui-do cx-activate-item "Run Calculation*Table1*Table9(Solution Advancement)*Table1*PushButton1(Calculate)")
(cx-gui-do cx-activate-item "MenuBar*WriteSubMenu*Case & Data...")
(cx-gui-do cx-set-file-dialog-entries "Select File" '( "Exercise_Case_SteadyState_-1.cas.h5") "CFF Case/Data Files (*.cas.h5 *.dat.h5 )")
(cx-gui-do cx-activate-item "MenuBar*WriteSubMenu*Stop Journal")
